[2025-12-22T23:22:14.079+0000] {processor.py:161} INFO - Started process (PID=167) to work on /opt/airflow/dags/hello_world_dag.py
[2025-12-22T23:22:14.097+0000] {processor.py:830} INFO - Processing file /opt/airflow/dags/hello_world_dag.py for tasks to queue
[2025-12-22T23:22:14.124+0000] {logging_mixin.py:188} INFO - [2025-12-22T23:22:14.111+0000] {dagbag.py:538} INFO - Filling up the DagBag from /opt/airflow/dags/hello_world_dag.py
[2025-12-22T23:22:14.600+0000] {processor.py:840} INFO - DAG(s) 'hello_world_dag' retrieved from /opt/airflow/dags/hello_world_dag.py
[2025-12-22T23:22:16.571+0000] {logging_mixin.py:188} INFO - [2025-12-22T23:22:16.569+0000] {override.py:1769} INFO - Created Permission View: can delete on DAG:hello_world_dag
[2025-12-22T23:22:16.605+0000] {logging_mixin.py:188} INFO - [2025-12-22T23:22:16.604+0000] {override.py:1769} INFO - Created Permission View: can read on DAG:hello_world_dag
[2025-12-22T23:22:16.630+0000] {logging_mixin.py:188} INFO - [2025-12-22T23:22:16.629+0000] {override.py:1769} INFO - Created Permission View: can edit on DAG:hello_world_dag
[2025-12-22T23:22:16.632+0000] {logging_mixin.py:188} INFO - [2025-12-22T23:22:16.631+0000] {dag.py:3036} INFO - Sync 1 DAGs
[2025-12-22T23:22:16.690+0000] {logging_mixin.py:188} INFO - [2025-12-22T23:22:16.690+0000] {dag.py:3058} INFO - Creating ORM DAG for hello_world_dag
[2025-12-22T23:22:16.765+0000] {logging_mixin.py:188} INFO - [2025-12-22T23:22:16.764+0000] {dag.py:3823} INFO - Setting next_dagrun for hello_world_dag to 2025-12-21 00:00:00+00:00, run_after=2025-12-22 00:00:00+00:00
[2025-12-22T23:22:16.845+0000] {processor.py:183} INFO - Processing /opt/airflow/dags/hello_world_dag.py took 2.840 seconds
[2025-12-22T23:22:47.265+0000] {processor.py:161} INFO - Started process (PID=172) to work on /opt/airflow/dags/hello_world_dag.py
[2025-12-22T23:22:47.269+0000] {processor.py:830} INFO - Processing file /opt/airflow/dags/hello_world_dag.py for tasks to queue
[2025-12-22T23:22:47.274+0000] {logging_mixin.py:188} INFO - [2025-12-22T23:22:47.273+0000] {dagbag.py:538} INFO - Filling up the DagBag from /opt/airflow/dags/hello_world_dag.py
[2025-12-22T23:22:47.325+0000] {processor.py:840} INFO - DAG(s) 'hello_world_dag' retrieved from /opt/airflow/dags/hello_world_dag.py
[2025-12-22T23:22:47.390+0000] {logging_mixin.py:188} INFO - [2025-12-22T23:22:47.390+0000] {dag.py:3036} INFO - Sync 1 DAGs
[2025-12-22T23:22:47.456+0000] {logging_mixin.py:188} INFO - [2025-12-22T23:22:47.455+0000] {dag.py:3823} INFO - Setting next_dagrun for hello_world_dag to 2025-12-21 00:00:00+00:00, run_after=2025-12-22 00:00:00+00:00
[2025-12-22T23:22:47.516+0000] {processor.py:183} INFO - Processing /opt/airflow/dags/hello_world_dag.py took 0.260 seconds
[2025-12-22T23:23:17.713+0000] {processor.py:161} INFO - Started process (PID=177) to work on /opt/airflow/dags/hello_world_dag.py
[2025-12-22T23:23:17.716+0000] {processor.py:830} INFO - Processing file /opt/airflow/dags/hello_world_dag.py for tasks to queue
[2025-12-22T23:23:17.719+0000] {logging_mixin.py:188} INFO - [2025-12-22T23:23:17.718+0000] {dagbag.py:538} INFO - Filling up the DagBag from /opt/airflow/dags/hello_world_dag.py
[2025-12-22T23:23:17.786+0000] {processor.py:840} INFO - DAG(s) 'hello_world_dag' retrieved from /opt/airflow/dags/hello_world_dag.py
[2025-12-22T23:23:17.870+0000] {logging_mixin.py:188} INFO - [2025-12-22T23:23:17.869+0000] {dag.py:3036} INFO - Sync 1 DAGs
[2025-12-22T23:23:17.928+0000] {logging_mixin.py:188} INFO - [2025-12-22T23:23:17.927+0000] {dag.py:3823} INFO - Setting next_dagrun for hello_world_dag to 2025-12-21 00:00:00+00:00, run_after=2025-12-22 00:00:00+00:00
[2025-12-22T23:23:17.975+0000] {processor.py:183} INFO - Processing /opt/airflow/dags/hello_world_dag.py took 0.274 seconds
[2025-12-22T23:23:48.310+0000] {processor.py:161} INFO - Started process (PID=182) to work on /opt/airflow/dags/hello_world_dag.py
[2025-12-22T23:23:48.314+0000] {processor.py:830} INFO - Processing file /opt/airflow/dags/hello_world_dag.py for tasks to queue
[2025-12-22T23:23:48.318+0000] {logging_mixin.py:188} INFO - [2025-12-22T23:23:48.317+0000] {dagbag.py:538} INFO - Filling up the DagBag from /opt/airflow/dags/hello_world_dag.py
[2025-12-22T23:23:48.383+0000] {processor.py:840} INFO - DAG(s) 'hello_world_dag' retrieved from /opt/airflow/dags/hello_world_dag.py
[2025-12-22T23:23:48.457+0000] {logging_mixin.py:188} INFO - [2025-12-22T23:23:48.456+0000] {dag.py:3036} INFO - Sync 1 DAGs
[2025-12-22T23:23:48.512+0000] {logging_mixin.py:188} INFO - [2025-12-22T23:23:48.511+0000] {dag.py:3823} INFO - Setting next_dagrun for hello_world_dag to 2025-12-21 00:00:00+00:00, run_after=2025-12-22 00:00:00+00:00
[2025-12-22T23:23:48.556+0000] {processor.py:183} INFO - Processing /opt/airflow/dags/hello_world_dag.py took 0.261 seconds
[2025-12-22T23:24:19.013+0000] {processor.py:161} INFO - Started process (PID=187) to work on /opt/airflow/dags/hello_world_dag.py
[2025-12-22T23:24:19.017+0000] {processor.py:830} INFO - Processing file /opt/airflow/dags/hello_world_dag.py for tasks to queue
[2025-12-22T23:24:19.022+0000] {logging_mixin.py:188} INFO - [2025-12-22T23:24:19.021+0000] {dagbag.py:538} INFO - Filling up the DagBag from /opt/airflow/dags/hello_world_dag.py
[2025-12-22T23:24:19.108+0000] {processor.py:840} INFO - DAG(s) 'hello_world_dag' retrieved from /opt/airflow/dags/hello_world_dag.py
[2025-12-22T23:24:19.203+0000] {logging_mixin.py:188} INFO - [2025-12-22T23:24:19.202+0000] {dag.py:3036} INFO - Sync 1 DAGs
[2025-12-22T23:24:19.275+0000] {logging_mixin.py:188} INFO - [2025-12-22T23:24:19.275+0000] {dag.py:3823} INFO - Setting next_dagrun for hello_world_dag to 2025-12-21 00:00:00+00:00, run_after=2025-12-22 00:00:00+00:00
[2025-12-22T23:24:19.355+0000] {processor.py:183} INFO - Processing /opt/airflow/dags/hello_world_dag.py took 0.358 seconds
[2025-12-22T23:24:49.754+0000] {processor.py:161} INFO - Started process (PID=192) to work on /opt/airflow/dags/hello_world_dag.py
[2025-12-22T23:24:49.757+0000] {processor.py:830} INFO - Processing file /opt/airflow/dags/hello_world_dag.py for tasks to queue
[2025-12-22T23:24:49.759+0000] {logging_mixin.py:188} INFO - [2025-12-22T23:24:49.759+0000] {dagbag.py:538} INFO - Filling up the DagBag from /opt/airflow/dags/hello_world_dag.py
[2025-12-22T23:24:49.810+0000] {processor.py:840} INFO - DAG(s) 'hello_world_dag' retrieved from /opt/airflow/dags/hello_world_dag.py
[2025-12-22T23:24:49.898+0000] {logging_mixin.py:188} INFO - [2025-12-22T23:24:49.897+0000] {dag.py:3036} INFO - Sync 1 DAGs
[2025-12-22T23:24:49.962+0000] {logging_mixin.py:188} INFO - [2025-12-22T23:24:49.962+0000] {dag.py:3823} INFO - Setting next_dagrun for hello_world_dag to 2025-12-21 00:00:00+00:00, run_after=2025-12-22 00:00:00+00:00
[2025-12-22T23:24:50.012+0000] {processor.py:183} INFO - Processing /opt/airflow/dags/hello_world_dag.py took 0.271 seconds
[2025-12-22T23:25:20.414+0000] {processor.py:161} INFO - Started process (PID=197) to work on /opt/airflow/dags/hello_world_dag.py
[2025-12-22T23:25:20.418+0000] {processor.py:830} INFO - Processing file /opt/airflow/dags/hello_world_dag.py for tasks to queue
[2025-12-22T23:25:20.420+0000] {logging_mixin.py:188} INFO - [2025-12-22T23:25:20.419+0000] {dagbag.py:538} INFO - Filling up the DagBag from /opt/airflow/dags/hello_world_dag.py
[2025-12-22T23:25:20.485+0000] {processor.py:840} INFO - DAG(s) 'hello_world_dag' retrieved from /opt/airflow/dags/hello_world_dag.py
[2025-12-22T23:25:20.575+0000] {logging_mixin.py:188} INFO - [2025-12-22T23:25:20.575+0000] {dag.py:3036} INFO - Sync 1 DAGs
[2025-12-22T23:25:20.631+0000] {logging_mixin.py:188} INFO - [2025-12-22T23:25:20.630+0000] {dag.py:3823} INFO - Setting next_dagrun for hello_world_dag to 2025-12-21 00:00:00+00:00, run_after=2025-12-22 00:00:00+00:00
[2025-12-22T23:25:20.673+0000] {processor.py:183} INFO - Processing /opt/airflow/dags/hello_world_dag.py took 0.267 seconds
[2025-12-22T23:25:51.044+0000] {processor.py:161} INFO - Started process (PID=202) to work on /opt/airflow/dags/hello_world_dag.py
[2025-12-22T23:25:51.047+0000] {processor.py:830} INFO - Processing file /opt/airflow/dags/hello_world_dag.py for tasks to queue
[2025-12-22T23:25:51.050+0000] {logging_mixin.py:188} INFO - [2025-12-22T23:25:51.050+0000] {dagbag.py:538} INFO - Filling up the DagBag from /opt/airflow/dags/hello_world_dag.py
[2025-12-22T23:25:51.113+0000] {processor.py:840} INFO - DAG(s) 'hello_world_dag' retrieved from /opt/airflow/dags/hello_world_dag.py
[2025-12-22T23:25:51.182+0000] {logging_mixin.py:188} INFO - [2025-12-22T23:25:51.182+0000] {dag.py:3036} INFO - Sync 1 DAGs
[2025-12-22T23:25:51.235+0000] {logging_mixin.py:188} INFO - [2025-12-22T23:25:51.235+0000] {dag.py:3823} INFO - Setting next_dagrun for hello_world_dag to 2025-12-21 00:00:00+00:00, run_after=2025-12-22 00:00:00+00:00
[2025-12-22T23:25:51.277+0000] {processor.py:183} INFO - Processing /opt/airflow/dags/hello_world_dag.py took 0.243 seconds
[2025-12-22T23:26:21.408+0000] {processor.py:161} INFO - Started process (PID=207) to work on /opt/airflow/dags/hello_world_dag.py
[2025-12-22T23:26:21.412+0000] {processor.py:830} INFO - Processing file /opt/airflow/dags/hello_world_dag.py for tasks to queue
[2025-12-22T23:26:21.415+0000] {logging_mixin.py:188} INFO - [2025-12-22T23:26:21.414+0000] {dagbag.py:538} INFO - Filling up the DagBag from /opt/airflow/dags/hello_world_dag.py
[2025-12-22T23:26:21.484+0000] {processor.py:840} INFO - DAG(s) 'hello_world_dag' retrieved from /opt/airflow/dags/hello_world_dag.py
[2025-12-22T23:26:21.566+0000] {logging_mixin.py:188} INFO - [2025-12-22T23:26:21.565+0000] {dag.py:3036} INFO - Sync 1 DAGs
[2025-12-22T23:26:21.695+0000] {logging_mixin.py:188} INFO - [2025-12-22T23:26:21.693+0000] {dag.py:3823} INFO - Setting next_dagrun for hello_world_dag to 2025-12-21 00:00:00+00:00, run_after=2025-12-22 00:00:00+00:00
[2025-12-22T23:26:21.752+0000] {processor.py:183} INFO - Processing /opt/airflow/dags/hello_world_dag.py took 0.360 seconds
[2025-12-22T23:26:52.056+0000] {processor.py:161} INFO - Started process (PID=212) to work on /opt/airflow/dags/hello_world_dag.py
[2025-12-22T23:26:52.059+0000] {processor.py:830} INFO - Processing file /opt/airflow/dags/hello_world_dag.py for tasks to queue
[2025-12-22T23:26:52.062+0000] {logging_mixin.py:188} INFO - [2025-12-22T23:26:52.061+0000] {dagbag.py:538} INFO - Filling up the DagBag from /opt/airflow/dags/hello_world_dag.py
[2025-12-22T23:26:52.138+0000] {processor.py:840} INFO - DAG(s) 'hello_world_dag' retrieved from /opt/airflow/dags/hello_world_dag.py
[2025-12-22T23:26:52.217+0000] {logging_mixin.py:188} INFO - [2025-12-22T23:26:52.217+0000] {dag.py:3036} INFO - Sync 1 DAGs
[2025-12-22T23:26:52.272+0000] {logging_mixin.py:188} INFO - [2025-12-22T23:26:52.271+0000] {dag.py:3823} INFO - Setting next_dagrun for hello_world_dag to 2025-12-21 00:00:00+00:00, run_after=2025-12-22 00:00:00+00:00
[2025-12-22T23:26:52.326+0000] {processor.py:183} INFO - Processing /opt/airflow/dags/hello_world_dag.py took 0.282 seconds
[2025-12-22T23:27:22.638+0000] {processor.py:161} INFO - Started process (PID=217) to work on /opt/airflow/dags/hello_world_dag.py
[2025-12-22T23:27:22.641+0000] {processor.py:830} INFO - Processing file /opt/airflow/dags/hello_world_dag.py for tasks to queue
[2025-12-22T23:27:22.646+0000] {logging_mixin.py:188} INFO - [2025-12-22T23:27:22.644+0000] {dagbag.py:538} INFO - Filling up the DagBag from /opt/airflow/dags/hello_world_dag.py
[2025-12-22T23:27:22.722+0000] {processor.py:840} INFO - DAG(s) 'hello_world_dag' retrieved from /opt/airflow/dags/hello_world_dag.py
[2025-12-22T23:27:22.796+0000] {logging_mixin.py:188} INFO - [2025-12-22T23:27:22.795+0000] {dag.py:3036} INFO - Sync 1 DAGs
[2025-12-22T23:27:22.852+0000] {logging_mixin.py:188} INFO - [2025-12-22T23:27:22.851+0000] {dag.py:3823} INFO - Setting next_dagrun for hello_world_dag to 2025-12-21 00:00:00+00:00, run_after=2025-12-22 00:00:00+00:00
[2025-12-22T23:27:22.901+0000] {processor.py:183} INFO - Processing /opt/airflow/dags/hello_world_dag.py took 0.277 seconds
[2025-12-22T23:27:53.052+0000] {processor.py:161} INFO - Started process (PID=222) to work on /opt/airflow/dags/hello_world_dag.py
[2025-12-22T23:27:53.055+0000] {processor.py:830} INFO - Processing file /opt/airflow/dags/hello_world_dag.py for tasks to queue
[2025-12-22T23:27:53.058+0000] {logging_mixin.py:188} INFO - [2025-12-22T23:27:53.057+0000] {dagbag.py:538} INFO - Filling up the DagBag from /opt/airflow/dags/hello_world_dag.py
[2025-12-22T23:27:53.121+0000] {processor.py:840} INFO - DAG(s) 'hello_world_dag' retrieved from /opt/airflow/dags/hello_world_dag.py
[2025-12-22T23:27:53.193+0000] {logging_mixin.py:188} INFO - [2025-12-22T23:27:53.192+0000] {dag.py:3036} INFO - Sync 1 DAGs
[2025-12-22T23:27:53.247+0000] {logging_mixin.py:188} INFO - [2025-12-22T23:27:53.246+0000] {dag.py:3823} INFO - Setting next_dagrun for hello_world_dag to 2025-12-21 00:00:00+00:00, run_after=2025-12-22 00:00:00+00:00
[2025-12-22T23:27:53.290+0000] {processor.py:183} INFO - Processing /opt/airflow/dags/hello_world_dag.py took 0.246 seconds
[2025-12-22T23:28:23.632+0000] {processor.py:161} INFO - Started process (PID=227) to work on /opt/airflow/dags/hello_world_dag.py
[2025-12-22T23:28:23.636+0000] {processor.py:830} INFO - Processing file /opt/airflow/dags/hello_world_dag.py for tasks to queue
[2025-12-22T23:28:23.640+0000] {logging_mixin.py:188} INFO - [2025-12-22T23:28:23.639+0000] {dagbag.py:538} INFO - Filling up the DagBag from /opt/airflow/dags/hello_world_dag.py
[2025-12-22T23:28:23.707+0000] {processor.py:840} INFO - DAG(s) 'hello_world_dag' retrieved from /opt/airflow/dags/hello_world_dag.py
[2025-12-22T23:28:23.783+0000] {logging_mixin.py:188} INFO - [2025-12-22T23:28:23.782+0000] {dag.py:3036} INFO - Sync 1 DAGs
[2025-12-22T23:28:23.852+0000] {logging_mixin.py:188} INFO - [2025-12-22T23:28:23.851+0000] {dag.py:3823} INFO - Setting next_dagrun for hello_world_dag to 2025-12-21 00:00:00+00:00, run_after=2025-12-22 00:00:00+00:00
[2025-12-22T23:28:23.900+0000] {processor.py:183} INFO - Processing /opt/airflow/dags/hello_world_dag.py took 0.282 seconds
[2025-12-22T23:28:54.311+0000] {processor.py:161} INFO - Started process (PID=232) to work on /opt/airflow/dags/hello_world_dag.py
[2025-12-22T23:28:54.314+0000] {processor.py:830} INFO - Processing file /opt/airflow/dags/hello_world_dag.py for tasks to queue
[2025-12-22T23:28:54.316+0000] {logging_mixin.py:188} INFO - [2025-12-22T23:28:54.316+0000] {dagbag.py:538} INFO - Filling up the DagBag from /opt/airflow/dags/hello_world_dag.py
[2025-12-22T23:28:54.383+0000] {processor.py:840} INFO - DAG(s) 'hello_world_dag' retrieved from /opt/airflow/dags/hello_world_dag.py
[2025-12-22T23:28:54.450+0000] {logging_mixin.py:188} INFO - [2025-12-22T23:28:54.450+0000] {dag.py:3036} INFO - Sync 1 DAGs
[2025-12-22T23:28:54.504+0000] {logging_mixin.py:188} INFO - [2025-12-22T23:28:54.503+0000] {dag.py:3823} INFO - Setting next_dagrun for hello_world_dag to 2025-12-21 00:00:00+00:00, run_after=2025-12-22 00:00:00+00:00
[2025-12-22T23:28:54.545+0000] {processor.py:183} INFO - Processing /opt/airflow/dags/hello_world_dag.py took 0.244 seconds
[2025-12-22T23:29:24.963+0000] {processor.py:161} INFO - Started process (PID=237) to work on /opt/airflow/dags/hello_world_dag.py
[2025-12-22T23:29:24.966+0000] {processor.py:830} INFO - Processing file /opt/airflow/dags/hello_world_dag.py for tasks to queue
[2025-12-22T23:29:24.969+0000] {logging_mixin.py:188} INFO - [2025-12-22T23:29:24.968+0000] {dagbag.py:538} INFO - Filling up the DagBag from /opt/airflow/dags/hello_world_dag.py
[2025-12-22T23:29:25.035+0000] {processor.py:840} INFO - DAG(s) 'hello_world_dag' retrieved from /opt/airflow/dags/hello_world_dag.py
[2025-12-22T23:29:25.106+0000] {logging_mixin.py:188} INFO - [2025-12-22T23:29:25.106+0000] {dag.py:3036} INFO - Sync 1 DAGs
[2025-12-22T23:29:25.159+0000] {logging_mixin.py:188} INFO - [2025-12-22T23:29:25.159+0000] {dag.py:3823} INFO - Setting next_dagrun for hello_world_dag to 2025-12-21 00:00:00+00:00, run_after=2025-12-22 00:00:00+00:00
[2025-12-22T23:29:25.204+0000] {processor.py:183} INFO - Processing /opt/airflow/dags/hello_world_dag.py took 0.250 seconds
[2025-12-22T23:31:23.794+0000] {processor.py:161} INFO - Started process (PID=167) to work on /opt/airflow/dags/hello_world_dag.py
[2025-12-22T23:31:23.801+0000] {processor.py:830} INFO - Processing file /opt/airflow/dags/hello_world_dag.py for tasks to queue
[2025-12-22T23:31:23.806+0000] {logging_mixin.py:188} INFO - [2025-12-22T23:31:23.805+0000] {dagbag.py:538} INFO - Filling up the DagBag from /opt/airflow/dags/hello_world_dag.py
[2025-12-22T23:31:23.974+0000] {processor.py:840} INFO - DAG(s) 'hello_world_dag' retrieved from /opt/airflow/dags/hello_world_dag.py
[2025-12-22T23:31:24.053+0000] {logging_mixin.py:188} INFO - [2025-12-22T23:31:24.052+0000] {dag.py:3036} INFO - Sync 1 DAGs
[2025-12-22T23:31:24.124+0000] {logging_mixin.py:188} INFO - [2025-12-22T23:31:24.123+0000] {dag.py:3823} INFO - Setting next_dagrun for hello_world_dag to 2025-12-21 00:00:00+00:00, run_after=2025-12-22 00:00:00+00:00
[2025-12-22T23:31:24.185+0000] {processor.py:183} INFO - Processing /opt/airflow/dags/hello_world_dag.py took 0.401 seconds
[2025-12-22T23:31:54.546+0000] {processor.py:161} INFO - Started process (PID=172) to work on /opt/airflow/dags/hello_world_dag.py
[2025-12-22T23:31:54.549+0000] {processor.py:830} INFO - Processing file /opt/airflow/dags/hello_world_dag.py for tasks to queue
[2025-12-22T23:31:54.553+0000] {logging_mixin.py:188} INFO - [2025-12-22T23:31:54.552+0000] {dagbag.py:538} INFO - Filling up the DagBag from /opt/airflow/dags/hello_world_dag.py
[2025-12-22T23:31:54.624+0000] {processor.py:840} INFO - DAG(s) 'hello_world_dag' retrieved from /opt/airflow/dags/hello_world_dag.py
[2025-12-22T23:31:55.163+0000] {logging_mixin.py:188} INFO - [2025-12-22T23:31:55.162+0000] {dag.py:3036} INFO - Sync 1 DAGs
[2025-12-22T23:31:55.214+0000] {logging_mixin.py:188} INFO - [2025-12-22T23:31:55.214+0000] {dag.py:3823} INFO - Setting next_dagrun for hello_world_dag to 2025-12-21 00:00:00+00:00, run_after=2025-12-22 00:00:00+00:00
[2025-12-22T23:31:55.263+0000] {processor.py:183} INFO - Processing /opt/airflow/dags/hello_world_dag.py took 0.725 seconds
[2025-12-22T23:32:25.573+0000] {processor.py:161} INFO - Started process (PID=177) to work on /opt/airflow/dags/hello_world_dag.py
[2025-12-22T23:32:25.576+0000] {processor.py:830} INFO - Processing file /opt/airflow/dags/hello_world_dag.py for tasks to queue
[2025-12-22T23:32:25.580+0000] {logging_mixin.py:188} INFO - [2025-12-22T23:32:25.579+0000] {dagbag.py:538} INFO - Filling up the DagBag from /opt/airflow/dags/hello_world_dag.py
[2025-12-22T23:32:25.652+0000] {processor.py:840} INFO - DAG(s) 'hello_world_dag' retrieved from /opt/airflow/dags/hello_world_dag.py
[2025-12-22T23:32:25.723+0000] {logging_mixin.py:188} INFO - [2025-12-22T23:32:25.722+0000] {dag.py:3036} INFO - Sync 1 DAGs
[2025-12-22T23:32:25.780+0000] {logging_mixin.py:188} INFO - [2025-12-22T23:32:25.780+0000] {dag.py:3823} INFO - Setting next_dagrun for hello_world_dag to 2025-12-21 00:00:00+00:00, run_after=2025-12-22 00:00:00+00:00
[2025-12-22T23:32:25.823+0000] {processor.py:183} INFO - Processing /opt/airflow/dags/hello_world_dag.py took 0.260 seconds
[2025-12-22T23:32:56.055+0000] {processor.py:161} INFO - Started process (PID=182) to work on /opt/airflow/dags/hello_world_dag.py
[2025-12-22T23:32:56.060+0000] {processor.py:830} INFO - Processing file /opt/airflow/dags/hello_world_dag.py for tasks to queue
[2025-12-22T23:32:56.063+0000] {logging_mixin.py:188} INFO - [2025-12-22T23:32:56.062+0000] {dagbag.py:538} INFO - Filling up the DagBag from /opt/airflow/dags/hello_world_dag.py
[2025-12-22T23:32:56.135+0000] {processor.py:840} INFO - DAG(s) 'hello_world_dag' retrieved from /opt/airflow/dags/hello_world_dag.py
[2025-12-22T23:32:56.209+0000] {logging_mixin.py:188} INFO - [2025-12-22T23:32:56.208+0000] {dag.py:3036} INFO - Sync 1 DAGs
[2025-12-22T23:32:56.278+0000] {logging_mixin.py:188} INFO - [2025-12-22T23:32:56.278+0000] {dag.py:3823} INFO - Setting next_dagrun for hello_world_dag to 2025-12-21 00:00:00+00:00, run_after=2025-12-22 00:00:00+00:00
[2025-12-22T23:32:56.329+0000] {processor.py:183} INFO - Processing /opt/airflow/dags/hello_world_dag.py took 0.288 seconds
[2025-12-22T23:33:51.210+0000] {processor.py:161} INFO - Started process (PID=168) to work on /opt/airflow/dags/hello_world_dag.py
[2025-12-22T23:33:51.214+0000] {processor.py:830} INFO - Processing file /opt/airflow/dags/hello_world_dag.py for tasks to queue
[2025-12-22T23:33:51.216+0000] {logging_mixin.py:188} INFO - [2025-12-22T23:33:51.216+0000] {dagbag.py:538} INFO - Filling up the DagBag from /opt/airflow/dags/hello_world_dag.py
[2025-12-22T23:33:51.271+0000] {processor.py:840} INFO - DAG(s) 'hello_world_dag' retrieved from /opt/airflow/dags/hello_world_dag.py
[2025-12-22T23:33:51.372+0000] {logging_mixin.py:188} INFO - [2025-12-22T23:33:51.371+0000] {dag.py:3036} INFO - Sync 1 DAGs
[2025-12-22T23:33:51.424+0000] {logging_mixin.py:188} INFO - [2025-12-22T23:33:51.423+0000] {dag.py:3823} INFO - Setting next_dagrun for hello_world_dag to 2025-12-21 00:00:00+00:00, run_after=2025-12-22 00:00:00+00:00
[2025-12-22T23:33:51.467+0000] {processor.py:183} INFO - Processing /opt/airflow/dags/hello_world_dag.py took 0.265 seconds
[2025-12-22T23:34:21.645+0000] {processor.py:161} INFO - Started process (PID=173) to work on /opt/airflow/dags/hello_world_dag.py
[2025-12-22T23:34:21.648+0000] {processor.py:830} INFO - Processing file /opt/airflow/dags/hello_world_dag.py for tasks to queue
[2025-12-22T23:34:21.652+0000] {logging_mixin.py:188} INFO - [2025-12-22T23:34:21.651+0000] {dagbag.py:538} INFO - Filling up the DagBag from /opt/airflow/dags/hello_world_dag.py
[2025-12-22T23:34:21.726+0000] {processor.py:840} INFO - DAG(s) 'hello_world_dag' retrieved from /opt/airflow/dags/hello_world_dag.py
[2025-12-22T23:34:21.818+0000] {logging_mixin.py:188} INFO - [2025-12-22T23:34:21.817+0000] {dag.py:3036} INFO - Sync 1 DAGs
[2025-12-22T23:34:21.877+0000] {logging_mixin.py:188} INFO - [2025-12-22T23:34:21.877+0000] {dag.py:3823} INFO - Setting next_dagrun for hello_world_dag to 2025-12-21 00:00:00+00:00, run_after=2025-12-22 00:00:00+00:00
[2025-12-22T23:34:21.924+0000] {processor.py:183} INFO - Processing /opt/airflow/dags/hello_world_dag.py took 0.292 seconds
[2025-12-22T23:34:52.319+0000] {processor.py:161} INFO - Started process (PID=178) to work on /opt/airflow/dags/hello_world_dag.py
[2025-12-22T23:34:52.321+0000] {processor.py:830} INFO - Processing file /opt/airflow/dags/hello_world_dag.py for tasks to queue
[2025-12-22T23:34:52.324+0000] {logging_mixin.py:188} INFO - [2025-12-22T23:34:52.323+0000] {dagbag.py:538} INFO - Filling up the DagBag from /opt/airflow/dags/hello_world_dag.py
[2025-12-22T23:34:52.387+0000] {processor.py:840} INFO - DAG(s) 'hello_world_dag' retrieved from /opt/airflow/dags/hello_world_dag.py
[2025-12-22T23:34:52.463+0000] {logging_mixin.py:188} INFO - [2025-12-22T23:34:52.462+0000] {dag.py:3036} INFO - Sync 1 DAGs
[2025-12-22T23:34:52.521+0000] {logging_mixin.py:188} INFO - [2025-12-22T23:34:52.520+0000] {dag.py:3823} INFO - Setting next_dagrun for hello_world_dag to 2025-12-21 00:00:00+00:00, run_after=2025-12-22 00:00:00+00:00
[2025-12-22T23:34:52.564+0000] {processor.py:183} INFO - Processing /opt/airflow/dags/hello_world_dag.py took 0.254 seconds
[2025-12-22T23:35:22.950+0000] {processor.py:161} INFO - Started process (PID=183) to work on /opt/airflow/dags/hello_world_dag.py
[2025-12-22T23:35:22.954+0000] {processor.py:830} INFO - Processing file /opt/airflow/dags/hello_world_dag.py for tasks to queue
[2025-12-22T23:35:22.957+0000] {logging_mixin.py:188} INFO - [2025-12-22T23:35:22.956+0000] {dagbag.py:538} INFO - Filling up the DagBag from /opt/airflow/dags/hello_world_dag.py
[2025-12-22T23:35:23.013+0000] {processor.py:840} INFO - DAG(s) 'hello_world_dag' retrieved from /opt/airflow/dags/hello_world_dag.py
[2025-12-22T23:35:23.100+0000] {logging_mixin.py:188} INFO - [2025-12-22T23:35:23.100+0000] {dag.py:3036} INFO - Sync 1 DAGs
[2025-12-22T23:35:23.180+0000] {logging_mixin.py:188} INFO - [2025-12-22T23:35:23.179+0000] {dag.py:3823} INFO - Setting next_dagrun for hello_world_dag to 2025-12-21 00:00:00+00:00, run_after=2025-12-22 00:00:00+00:00
[2025-12-22T23:35:23.226+0000] {processor.py:183} INFO - Processing /opt/airflow/dags/hello_world_dag.py took 0.288 seconds
[2025-12-22T23:35:53.603+0000] {processor.py:161} INFO - Started process (PID=188) to work on /opt/airflow/dags/hello_world_dag.py
[2025-12-22T23:35:53.607+0000] {processor.py:830} INFO - Processing file /opt/airflow/dags/hello_world_dag.py for tasks to queue
[2025-12-22T23:35:53.610+0000] {logging_mixin.py:188} INFO - [2025-12-22T23:35:53.609+0000] {dagbag.py:538} INFO - Filling up the DagBag from /opt/airflow/dags/hello_world_dag.py
[2025-12-22T23:35:53.671+0000] {processor.py:840} INFO - DAG(s) 'hello_world_dag' retrieved from /opt/airflow/dags/hello_world_dag.py
[2025-12-22T23:35:53.791+0000] {logging_mixin.py:188} INFO - [2025-12-22T23:35:53.791+0000] {dag.py:3036} INFO - Sync 1 DAGs
[2025-12-22T23:35:53.881+0000] {logging_mixin.py:188} INFO - [2025-12-22T23:35:53.880+0000] {dag.py:3823} INFO - Setting next_dagrun for hello_world_dag to 2025-12-21 00:00:00+00:00, run_after=2025-12-22 00:00:00+00:00
[2025-12-22T23:35:53.965+0000] {processor.py:183} INFO - Processing /opt/airflow/dags/hello_world_dag.py took 0.374 seconds
[2025-12-22T23:36:24.416+0000] {processor.py:161} INFO - Started process (PID=193) to work on /opt/airflow/dags/hello_world_dag.py
[2025-12-22T23:36:24.419+0000] {processor.py:830} INFO - Processing file /opt/airflow/dags/hello_world_dag.py for tasks to queue
[2025-12-22T23:36:24.422+0000] {logging_mixin.py:188} INFO - [2025-12-22T23:36:24.422+0000] {dagbag.py:538} INFO - Filling up the DagBag from /opt/airflow/dags/hello_world_dag.py
[2025-12-22T23:36:24.515+0000] {processor.py:840} INFO - DAG(s) 'hello_world_dag' retrieved from /opt/airflow/dags/hello_world_dag.py
[2025-12-22T23:36:24.627+0000] {logging_mixin.py:188} INFO - [2025-12-22T23:36:24.626+0000] {dag.py:3036} INFO - Sync 1 DAGs
[2025-12-22T23:36:24.733+0000] {logging_mixin.py:188} INFO - [2025-12-22T23:36:24.732+0000] {dag.py:3823} INFO - Setting next_dagrun for hello_world_dag to 2025-12-21 00:00:00+00:00, run_after=2025-12-22 00:00:00+00:00
[2025-12-22T23:36:24.832+0000] {processor.py:183} INFO - Processing /opt/airflow/dags/hello_world_dag.py took 0.429 seconds
[2025-12-22T23:40:38.119+0000] {processor.py:161} INFO - Started process (PID=167) to work on /opt/airflow/dags/hello_world_dag.py
[2025-12-22T23:40:38.123+0000] {processor.py:830} INFO - Processing file /opt/airflow/dags/hello_world_dag.py for tasks to queue
[2025-12-22T23:40:38.127+0000] {logging_mixin.py:188} INFO - [2025-12-22T23:40:38.126+0000] {dagbag.py:538} INFO - Filling up the DagBag from /opt/airflow/dags/hello_world_dag.py
[2025-12-22T23:40:38.219+0000] {processor.py:840} INFO - DAG(s) 'hello_world_dag' retrieved from /opt/airflow/dags/hello_world_dag.py
[2025-12-22T23:40:38.286+0000] {logging_mixin.py:188} INFO - [2025-12-22T23:40:38.286+0000] {dag.py:3036} INFO - Sync 1 DAGs
[2025-12-22T23:40:38.344+0000] {logging_mixin.py:188} INFO - [2025-12-22T23:40:38.343+0000] {dag.py:3823} INFO - Setting next_dagrun for hello_world_dag to 2025-12-21 00:00:00+00:00, run_after=2025-12-22 00:00:00+00:00
[2025-12-22T23:40:38.390+0000] {processor.py:183} INFO - Processing /opt/airflow/dags/hello_world_dag.py took 0.283 seconds
[2025-12-22T23:41:08.560+0000] {processor.py:161} INFO - Started process (PID=172) to work on /opt/airflow/dags/hello_world_dag.py
[2025-12-22T23:41:08.563+0000] {processor.py:830} INFO - Processing file /opt/airflow/dags/hello_world_dag.py for tasks to queue
[2025-12-22T23:41:08.566+0000] {logging_mixin.py:188} INFO - [2025-12-22T23:41:08.565+0000] {dagbag.py:538} INFO - Filling up the DagBag from /opt/airflow/dags/hello_world_dag.py
[2025-12-22T23:41:08.665+0000] {processor.py:840} INFO - DAG(s) 'hello_world_dag' retrieved from /opt/airflow/dags/hello_world_dag.py
[2025-12-22T23:41:09.280+0000] {logging_mixin.py:188} INFO - [2025-12-22T23:41:09.279+0000] {dag.py:3036} INFO - Sync 1 DAGs
[2025-12-22T23:41:09.326+0000] {logging_mixin.py:188} INFO - [2025-12-22T23:41:09.325+0000] {dag.py:3823} INFO - Setting next_dagrun for hello_world_dag to 2025-12-21 00:00:00+00:00, run_after=2025-12-22 00:00:00+00:00
[2025-12-22T23:41:09.368+0000] {processor.py:183} INFO - Processing /opt/airflow/dags/hello_world_dag.py took 0.822 seconds
[2025-12-22T23:41:39.773+0000] {processor.py:161} INFO - Started process (PID=177) to work on /opt/airflow/dags/hello_world_dag.py
[2025-12-22T23:41:39.777+0000] {processor.py:830} INFO - Processing file /opt/airflow/dags/hello_world_dag.py for tasks to queue
[2025-12-22T23:41:39.781+0000] {logging_mixin.py:188} INFO - [2025-12-22T23:41:39.780+0000] {dagbag.py:538} INFO - Filling up the DagBag from /opt/airflow/dags/hello_world_dag.py
[2025-12-22T23:41:39.849+0000] {processor.py:840} INFO - DAG(s) 'hello_world_dag' retrieved from /opt/airflow/dags/hello_world_dag.py
[2025-12-22T23:41:39.917+0000] {logging_mixin.py:188} INFO - [2025-12-22T23:41:39.917+0000] {dag.py:3036} INFO - Sync 1 DAGs
[2025-12-22T23:41:39.983+0000] {logging_mixin.py:188} INFO - [2025-12-22T23:41:39.982+0000] {dag.py:3823} INFO - Setting next_dagrun for hello_world_dag to 2025-12-21 00:00:00+00:00, run_after=2025-12-22 00:00:00+00:00
[2025-12-22T23:41:40.026+0000] {processor.py:183} INFO - Processing /opt/airflow/dags/hello_world_dag.py took 0.268 seconds
[2025-12-22T23:42:10.373+0000] {processor.py:161} INFO - Started process (PID=182) to work on /opt/airflow/dags/hello_world_dag.py
[2025-12-22T23:42:10.375+0000] {processor.py:830} INFO - Processing file /opt/airflow/dags/hello_world_dag.py for tasks to queue
[2025-12-22T23:42:10.378+0000] {logging_mixin.py:188} INFO - [2025-12-22T23:42:10.377+0000] {dagbag.py:538} INFO - Filling up the DagBag from /opt/airflow/dags/hello_world_dag.py
[2025-12-22T23:42:10.432+0000] {processor.py:840} INFO - DAG(s) 'hello_world_dag' retrieved from /opt/airflow/dags/hello_world_dag.py
[2025-12-22T23:42:10.505+0000] {logging_mixin.py:188} INFO - [2025-12-22T23:42:10.504+0000] {dag.py:3036} INFO - Sync 1 DAGs
[2025-12-22T23:42:10.576+0000] {logging_mixin.py:188} INFO - [2025-12-22T23:42:10.576+0000] {dag.py:3823} INFO - Setting next_dagrun for hello_world_dag to 2025-12-21 00:00:00+00:00, run_after=2025-12-22 00:00:00+00:00
[2025-12-22T23:42:10.635+0000] {processor.py:183} INFO - Processing /opt/airflow/dags/hello_world_dag.py took 0.271 seconds
[2025-12-22T23:42:41.023+0000] {processor.py:161} INFO - Started process (PID=187) to work on /opt/airflow/dags/hello_world_dag.py
[2025-12-22T23:42:41.026+0000] {processor.py:830} INFO - Processing file /opt/airflow/dags/hello_world_dag.py for tasks to queue
[2025-12-22T23:42:41.028+0000] {logging_mixin.py:188} INFO - [2025-12-22T23:42:41.028+0000] {dagbag.py:538} INFO - Filling up the DagBag from /opt/airflow/dags/hello_world_dag.py
[2025-12-22T23:42:41.091+0000] {processor.py:840} INFO - DAG(s) 'hello_world_dag' retrieved from /opt/airflow/dags/hello_world_dag.py
[2025-12-22T23:42:41.159+0000] {logging_mixin.py:188} INFO - [2025-12-22T23:42:41.159+0000] {dag.py:3036} INFO - Sync 1 DAGs
[2025-12-22T23:42:41.209+0000] {logging_mixin.py:188} INFO - [2025-12-22T23:42:41.209+0000] {dag.py:3823} INFO - Setting next_dagrun for hello_world_dag to 2025-12-21 00:00:00+00:00, run_after=2025-12-22 00:00:00+00:00
[2025-12-22T23:42:41.252+0000] {processor.py:183} INFO - Processing /opt/airflow/dags/hello_world_dag.py took 0.239 seconds
[2025-12-22T23:43:33.545+0000] {processor.py:161} INFO - Started process (PID=167) to work on /opt/airflow/dags/hello_world_dag.py
[2025-12-22T23:43:33.549+0000] {processor.py:830} INFO - Processing file /opt/airflow/dags/hello_world_dag.py for tasks to queue
[2025-12-22T23:43:33.553+0000] {logging_mixin.py:188} INFO - [2025-12-22T23:43:33.552+0000] {dagbag.py:538} INFO - Filling up the DagBag from /opt/airflow/dags/hello_world_dag.py
[2025-12-22T23:43:33.656+0000] {processor.py:840} INFO - DAG(s) 'hello_world_dag' retrieved from /opt/airflow/dags/hello_world_dag.py
[2025-12-22T23:43:33.806+0000] {logging_mixin.py:188} INFO - [2025-12-22T23:43:33.805+0000] {dag.py:3036} INFO - Sync 1 DAGs
[2025-12-22T23:43:33.932+0000] {logging_mixin.py:188} INFO - [2025-12-22T23:43:33.931+0000] {dag.py:3823} INFO - Setting next_dagrun for hello_world_dag to 2025-12-21 00:00:00+00:00, run_after=2025-12-22 00:00:00+00:00
[2025-12-22T23:43:33.976+0000] {processor.py:183} INFO - Processing /opt/airflow/dags/hello_world_dag.py took 0.444 seconds
[2025-12-22T23:44:04.344+0000] {processor.py:161} INFO - Started process (PID=172) to work on /opt/airflow/dags/hello_world_dag.py
[2025-12-22T23:44:04.346+0000] {processor.py:830} INFO - Processing file /opt/airflow/dags/hello_world_dag.py for tasks to queue
[2025-12-22T23:44:04.349+0000] {logging_mixin.py:188} INFO - [2025-12-22T23:44:04.348+0000] {dagbag.py:538} INFO - Filling up the DagBag from /opt/airflow/dags/hello_world_dag.py
[2025-12-22T23:44:04.416+0000] {processor.py:840} INFO - DAG(s) 'hello_world_dag' retrieved from /opt/airflow/dags/hello_world_dag.py
[2025-12-22T23:44:04.490+0000] {logging_mixin.py:188} INFO - [2025-12-22T23:44:04.489+0000] {dag.py:3036} INFO - Sync 1 DAGs
[2025-12-22T23:44:04.549+0000] {logging_mixin.py:188} INFO - [2025-12-22T23:44:04.549+0000] {dag.py:3823} INFO - Setting next_dagrun for hello_world_dag to 2025-12-21 00:00:00+00:00, run_after=2025-12-22 00:00:00+00:00
[2025-12-22T23:44:04.603+0000] {processor.py:183} INFO - Processing /opt/airflow/dags/hello_world_dag.py took 0.267 seconds
[2025-12-22T23:44:35.017+0000] {processor.py:161} INFO - Started process (PID=177) to work on /opt/airflow/dags/hello_world_dag.py
[2025-12-22T23:44:35.020+0000] {processor.py:830} INFO - Processing file /opt/airflow/dags/hello_world_dag.py for tasks to queue
[2025-12-22T23:44:35.023+0000] {logging_mixin.py:188} INFO - [2025-12-22T23:44:35.022+0000] {dagbag.py:538} INFO - Filling up the DagBag from /opt/airflow/dags/hello_world_dag.py
[2025-12-22T23:44:35.090+0000] {processor.py:840} INFO - DAG(s) 'hello_world_dag' retrieved from /opt/airflow/dags/hello_world_dag.py
[2025-12-22T23:44:35.167+0000] {logging_mixin.py:188} INFO - [2025-12-22T23:44:35.167+0000] {dag.py:3036} INFO - Sync 1 DAGs
[2025-12-22T23:44:35.228+0000] {logging_mixin.py:188} INFO - [2025-12-22T23:44:35.227+0000] {dag.py:3823} INFO - Setting next_dagrun for hello_world_dag to 2025-12-21 00:00:00+00:00, run_after=2025-12-22 00:00:00+00:00
[2025-12-22T23:44:35.272+0000] {processor.py:183} INFO - Processing /opt/airflow/dags/hello_world_dag.py took 0.263 seconds
[2025-12-22T23:45:05.445+0000] {processor.py:161} INFO - Started process (PID=182) to work on /opt/airflow/dags/hello_world_dag.py
[2025-12-22T23:45:05.448+0000] {processor.py:830} INFO - Processing file /opt/airflow/dags/hello_world_dag.py for tasks to queue
[2025-12-22T23:45:05.450+0000] {logging_mixin.py:188} INFO - [2025-12-22T23:45:05.450+0000] {dagbag.py:538} INFO - Filling up the DagBag from /opt/airflow/dags/hello_world_dag.py
[2025-12-22T23:45:05.518+0000] {processor.py:840} INFO - DAG(s) 'hello_world_dag' retrieved from /opt/airflow/dags/hello_world_dag.py
[2025-12-22T23:45:05.588+0000] {logging_mixin.py:188} INFO - [2025-12-22T23:45:05.588+0000] {dag.py:3036} INFO - Sync 1 DAGs
[2025-12-22T23:45:05.647+0000] {logging_mixin.py:188} INFO - [2025-12-22T23:45:05.646+0000] {dag.py:3823} INFO - Setting next_dagrun for hello_world_dag to 2025-12-21 00:00:00+00:00, run_after=2025-12-22 00:00:00+00:00
[2025-12-22T23:45:05.691+0000] {processor.py:183} INFO - Processing /opt/airflow/dags/hello_world_dag.py took 0.256 seconds
[2025-12-22T23:45:36.075+0000] {processor.py:161} INFO - Started process (PID=187) to work on /opt/airflow/dags/hello_world_dag.py
[2025-12-22T23:45:36.080+0000] {processor.py:830} INFO - Processing file /opt/airflow/dags/hello_world_dag.py for tasks to queue
[2025-12-22T23:45:36.086+0000] {logging_mixin.py:188} INFO - [2025-12-22T23:45:36.084+0000] {dagbag.py:538} INFO - Filling up the DagBag from /opt/airflow/dags/hello_world_dag.py
[2025-12-22T23:45:36.247+0000] {processor.py:840} INFO - DAG(s) 'hello_world_dag' retrieved from /opt/airflow/dags/hello_world_dag.py
[2025-12-22T23:45:36.601+0000] {logging_mixin.py:188} INFO - [2025-12-22T23:45:36.599+0000] {dag.py:3036} INFO - Sync 1 DAGs
[2025-12-22T23:45:36.782+0000] {logging_mixin.py:188} INFO - [2025-12-22T23:45:36.780+0000] {dag.py:3823} INFO - Setting next_dagrun for hello_world_dag to 2025-12-21 00:00:00+00:00, run_after=2025-12-22 00:00:00+00:00
[2025-12-22T23:45:36.929+0000] {processor.py:183} INFO - Processing /opt/airflow/dags/hello_world_dag.py took 0.872 seconds
[2025-12-22T23:46:07.405+0000] {processor.py:161} INFO - Started process (PID=192) to work on /opt/airflow/dags/hello_world_dag.py
[2025-12-22T23:46:07.408+0000] {processor.py:830} INFO - Processing file /opt/airflow/dags/hello_world_dag.py for tasks to queue
[2025-12-22T23:46:07.410+0000] {logging_mixin.py:188} INFO - [2025-12-22T23:46:07.410+0000] {dagbag.py:538} INFO - Filling up the DagBag from /opt/airflow/dags/hello_world_dag.py
[2025-12-22T23:46:07.472+0000] {processor.py:840} INFO - DAG(s) 'hello_world_dag' retrieved from /opt/airflow/dags/hello_world_dag.py
[2025-12-22T23:46:07.538+0000] {logging_mixin.py:188} INFO - [2025-12-22T23:46:07.538+0000] {dag.py:3036} INFO - Sync 1 DAGs
[2025-12-22T23:46:07.591+0000] {logging_mixin.py:188} INFO - [2025-12-22T23:46:07.591+0000] {dag.py:3823} INFO - Setting next_dagrun for hello_world_dag to 2025-12-21 00:00:00+00:00, run_after=2025-12-22 00:00:00+00:00
[2025-12-22T23:46:07.630+0000] {processor.py:183} INFO - Processing /opt/airflow/dags/hello_world_dag.py took 0.233 seconds
[2025-12-22T23:46:37.809+0000] {processor.py:161} INFO - Started process (PID=197) to work on /opt/airflow/dags/hello_world_dag.py
[2025-12-22T23:46:37.812+0000] {processor.py:830} INFO - Processing file /opt/airflow/dags/hello_world_dag.py for tasks to queue
[2025-12-22T23:46:37.814+0000] {logging_mixin.py:188} INFO - [2025-12-22T23:46:37.813+0000] {dagbag.py:538} INFO - Filling up the DagBag from /opt/airflow/dags/hello_world_dag.py
[2025-12-22T23:46:37.874+0000] {processor.py:840} INFO - DAG(s) 'hello_world_dag' retrieved from /opt/airflow/dags/hello_world_dag.py
[2025-12-22T23:46:37.940+0000] {logging_mixin.py:188} INFO - [2025-12-22T23:46:37.940+0000] {dag.py:3036} INFO - Sync 1 DAGs
[2025-12-22T23:46:37.993+0000] {logging_mixin.py:188} INFO - [2025-12-22T23:46:37.992+0000] {dag.py:3823} INFO - Setting next_dagrun for hello_world_dag to 2025-12-21 00:00:00+00:00, run_after=2025-12-22 00:00:00+00:00
[2025-12-22T23:46:38.031+0000] {processor.py:183} INFO - Processing /opt/airflow/dags/hello_world_dag.py took 0.231 seconds
[2025-12-22T23:47:08.333+0000] {processor.py:161} INFO - Started process (PID=202) to work on /opt/airflow/dags/hello_world_dag.py
[2025-12-22T23:47:08.335+0000] {processor.py:830} INFO - Processing file /opt/airflow/dags/hello_world_dag.py for tasks to queue
[2025-12-22T23:47:08.338+0000] {logging_mixin.py:188} INFO - [2025-12-22T23:47:08.337+0000] {dagbag.py:538} INFO - Filling up the DagBag from /opt/airflow/dags/hello_world_dag.py
[2025-12-22T23:47:08.402+0000] {processor.py:840} INFO - DAG(s) 'hello_world_dag' retrieved from /opt/airflow/dags/hello_world_dag.py
[2025-12-22T23:47:08.466+0000] {logging_mixin.py:188} INFO - [2025-12-22T23:47:08.465+0000] {dag.py:3036} INFO - Sync 1 DAGs
[2025-12-22T23:47:08.518+0000] {logging_mixin.py:188} INFO - [2025-12-22T23:47:08.517+0000] {dag.py:3823} INFO - Setting next_dagrun for hello_world_dag to 2025-12-21 00:00:00+00:00, run_after=2025-12-22 00:00:00+00:00
[2025-12-22T23:47:08.560+0000] {processor.py:183} INFO - Processing /opt/airflow/dags/hello_world_dag.py took 0.235 seconds
[2025-12-22T23:47:38.720+0000] {processor.py:161} INFO - Started process (PID=207) to work on /opt/airflow/dags/hello_world_dag.py
[2025-12-22T23:47:38.724+0000] {processor.py:830} INFO - Processing file /opt/airflow/dags/hello_world_dag.py for tasks to queue
[2025-12-22T23:47:38.727+0000] {logging_mixin.py:188} INFO - [2025-12-22T23:47:38.726+0000] {dagbag.py:538} INFO - Filling up the DagBag from /opt/airflow/dags/hello_world_dag.py
[2025-12-22T23:47:38.828+0000] {processor.py:840} INFO - DAG(s) 'hello_world_dag' retrieved from /opt/airflow/dags/hello_world_dag.py
[2025-12-22T23:47:38.938+0000] {logging_mixin.py:188} INFO - [2025-12-22T23:47:38.938+0000] {dag.py:3036} INFO - Sync 1 DAGs
[2025-12-22T23:47:39.009+0000] {logging_mixin.py:188} INFO - [2025-12-22T23:47:39.008+0000] {dag.py:3823} INFO - Setting next_dagrun for hello_world_dag to 2025-12-21 00:00:00+00:00, run_after=2025-12-22 00:00:00+00:00
[2025-12-22T23:47:39.048+0000] {processor.py:183} INFO - Processing /opt/airflow/dags/hello_world_dag.py took 0.339 seconds
[2025-12-22T23:48:09.273+0000] {processor.py:161} INFO - Started process (PID=212) to work on /opt/airflow/dags/hello_world_dag.py
[2025-12-22T23:48:09.275+0000] {processor.py:830} INFO - Processing file /opt/airflow/dags/hello_world_dag.py for tasks to queue
[2025-12-22T23:48:09.279+0000] {logging_mixin.py:188} INFO - [2025-12-22T23:48:09.278+0000] {dagbag.py:538} INFO - Filling up the DagBag from /opt/airflow/dags/hello_world_dag.py
[2025-12-22T23:48:09.337+0000] {processor.py:840} INFO - DAG(s) 'hello_world_dag' retrieved from /opt/airflow/dags/hello_world_dag.py
[2025-12-22T23:48:09.397+0000] {logging_mixin.py:188} INFO - [2025-12-22T23:48:09.397+0000] {dag.py:3036} INFO - Sync 1 DAGs
[2025-12-22T23:48:09.449+0000] {logging_mixin.py:188} INFO - [2025-12-22T23:48:09.449+0000] {dag.py:3823} INFO - Setting next_dagrun for hello_world_dag to 2025-12-21 00:00:00+00:00, run_after=2025-12-22 00:00:00+00:00
[2025-12-22T23:48:09.491+0000] {processor.py:183} INFO - Processing /opt/airflow/dags/hello_world_dag.py took 0.226 seconds
[2025-12-22T23:48:39.886+0000] {processor.py:161} INFO - Started process (PID=217) to work on /opt/airflow/dags/hello_world_dag.py
[2025-12-22T23:48:39.889+0000] {processor.py:830} INFO - Processing file /opt/airflow/dags/hello_world_dag.py for tasks to queue
[2025-12-22T23:48:39.892+0000] {logging_mixin.py:188} INFO - [2025-12-22T23:48:39.891+0000] {dagbag.py:538} INFO - Filling up the DagBag from /opt/airflow/dags/hello_world_dag.py
[2025-12-22T23:48:39.957+0000] {processor.py:840} INFO - DAG(s) 'hello_world_dag' retrieved from /opt/airflow/dags/hello_world_dag.py
[2025-12-22T23:48:40.024+0000] {logging_mixin.py:188} INFO - [2025-12-22T23:48:40.024+0000] {dag.py:3036} INFO - Sync 1 DAGs
[2025-12-22T23:48:40.076+0000] {logging_mixin.py:188} INFO - [2025-12-22T23:48:40.075+0000] {dag.py:3823} INFO - Setting next_dagrun for hello_world_dag to 2025-12-21 00:00:00+00:00, run_after=2025-12-22 00:00:00+00:00
[2025-12-22T23:48:40.116+0000] {processor.py:183} INFO - Processing /opt/airflow/dags/hello_world_dag.py took 0.241 seconds
[2025-12-22T23:49:10.294+0000] {processor.py:161} INFO - Started process (PID=222) to work on /opt/airflow/dags/hello_world_dag.py
[2025-12-22T23:49:10.298+0000] {processor.py:830} INFO - Processing file /opt/airflow/dags/hello_world_dag.py for tasks to queue
[2025-12-22T23:49:10.301+0000] {logging_mixin.py:188} INFO - [2025-12-22T23:49:10.300+0000] {dagbag.py:538} INFO - Filling up the DagBag from /opt/airflow/dags/hello_world_dag.py
[2025-12-22T23:49:10.370+0000] {processor.py:840} INFO - DAG(s) 'hello_world_dag' retrieved from /opt/airflow/dags/hello_world_dag.py
[2025-12-22T23:49:10.451+0000] {logging_mixin.py:188} INFO - [2025-12-22T23:49:10.450+0000] {dag.py:3036} INFO - Sync 1 DAGs
[2025-12-22T23:49:10.536+0000] {logging_mixin.py:188} INFO - [2025-12-22T23:49:10.536+0000] {dag.py:3823} INFO - Setting next_dagrun for hello_world_dag to 2025-12-21 00:00:00+00:00, run_after=2025-12-22 00:00:00+00:00
[2025-12-22T23:49:10.590+0000] {processor.py:183} INFO - Processing /opt/airflow/dags/hello_world_dag.py took 0.312 seconds
[2025-12-22T23:49:40.890+0000] {processor.py:161} INFO - Started process (PID=227) to work on /opt/airflow/dags/hello_world_dag.py
[2025-12-22T23:49:40.894+0000] {processor.py:830} INFO - Processing file /opt/airflow/dags/hello_world_dag.py for tasks to queue
[2025-12-22T23:49:40.896+0000] {logging_mixin.py:188} INFO - [2025-12-22T23:49:40.896+0000] {dagbag.py:538} INFO - Filling up the DagBag from /opt/airflow/dags/hello_world_dag.py
[2025-12-22T23:49:40.960+0000] {processor.py:840} INFO - DAG(s) 'hello_world_dag' retrieved from /opt/airflow/dags/hello_world_dag.py
[2025-12-22T23:49:41.025+0000] {logging_mixin.py:188} INFO - [2025-12-22T23:49:41.024+0000] {dag.py:3036} INFO - Sync 1 DAGs
[2025-12-22T23:49:41.075+0000] {logging_mixin.py:188} INFO - [2025-12-22T23:49:41.074+0000] {dag.py:3823} INFO - Setting next_dagrun for hello_world_dag to 2025-12-21 00:00:00+00:00, run_after=2025-12-22 00:00:00+00:00
[2025-12-22T23:49:41.121+0000] {processor.py:183} INFO - Processing /opt/airflow/dags/hello_world_dag.py took 0.241 seconds
[2025-12-22T23:50:11.397+0000] {processor.py:161} INFO - Started process (PID=232) to work on /opt/airflow/dags/hello_world_dag.py
[2025-12-22T23:50:11.401+0000] {processor.py:830} INFO - Processing file /opt/airflow/dags/hello_world_dag.py for tasks to queue
[2025-12-22T23:50:11.404+0000] {logging_mixin.py:188} INFO - [2025-12-22T23:50:11.404+0000] {dagbag.py:538} INFO - Filling up the DagBag from /opt/airflow/dags/hello_world_dag.py
[2025-12-22T23:50:11.475+0000] {processor.py:840} INFO - DAG(s) 'hello_world_dag' retrieved from /opt/airflow/dags/hello_world_dag.py
[2025-12-22T23:50:11.540+0000] {logging_mixin.py:188} INFO - [2025-12-22T23:50:11.539+0000] {dag.py:3036} INFO - Sync 1 DAGs
[2025-12-22T23:50:11.594+0000] {logging_mixin.py:188} INFO - [2025-12-22T23:50:11.594+0000] {dag.py:3823} INFO - Setting next_dagrun for hello_world_dag to 2025-12-21 00:00:00+00:00, run_after=2025-12-22 00:00:00+00:00
[2025-12-22T23:50:11.645+0000] {processor.py:183} INFO - Processing /opt/airflow/dags/hello_world_dag.py took 0.264 seconds
[2025-12-22T23:50:41.876+0000] {processor.py:161} INFO - Started process (PID=237) to work on /opt/airflow/dags/hello_world_dag.py
[2025-12-22T23:50:41.879+0000] {processor.py:830} INFO - Processing file /opt/airflow/dags/hello_world_dag.py for tasks to queue
[2025-12-22T23:50:41.882+0000] {logging_mixin.py:188} INFO - [2025-12-22T23:50:41.881+0000] {dagbag.py:538} INFO - Filling up the DagBag from /opt/airflow/dags/hello_world_dag.py
[2025-12-22T23:50:41.944+0000] {processor.py:840} INFO - DAG(s) 'hello_world_dag' retrieved from /opt/airflow/dags/hello_world_dag.py
[2025-12-22T23:50:42.012+0000] {logging_mixin.py:188} INFO - [2025-12-22T23:50:42.012+0000] {dag.py:3036} INFO - Sync 1 DAGs
[2025-12-22T23:50:42.064+0000] {logging_mixin.py:188} INFO - [2025-12-22T23:50:42.063+0000] {dag.py:3823} INFO - Setting next_dagrun for hello_world_dag to 2025-12-21 00:00:00+00:00, run_after=2025-12-22 00:00:00+00:00
[2025-12-22T23:50:42.108+0000] {processor.py:183} INFO - Processing /opt/airflow/dags/hello_world_dag.py took 0.241 seconds
[2025-12-22T23:51:12.364+0000] {processor.py:161} INFO - Started process (PID=242) to work on /opt/airflow/dags/hello_world_dag.py
[2025-12-22T23:51:12.367+0000] {processor.py:830} INFO - Processing file /opt/airflow/dags/hello_world_dag.py for tasks to queue
[2025-12-22T23:51:12.370+0000] {logging_mixin.py:188} INFO - [2025-12-22T23:51:12.369+0000] {dagbag.py:538} INFO - Filling up the DagBag from /opt/airflow/dags/hello_world_dag.py
[2025-12-22T23:51:12.428+0000] {processor.py:840} INFO - DAG(s) 'hello_world_dag' retrieved from /opt/airflow/dags/hello_world_dag.py
[2025-12-22T23:51:12.499+0000] {logging_mixin.py:188} INFO - [2025-12-22T23:51:12.498+0000] {dag.py:3036} INFO - Sync 1 DAGs
[2025-12-22T23:51:12.563+0000] {logging_mixin.py:188} INFO - [2025-12-22T23:51:12.563+0000] {dag.py:3823} INFO - Setting next_dagrun for hello_world_dag to 2025-12-21 00:00:00+00:00, run_after=2025-12-22 00:00:00+00:00
[2025-12-22T23:51:12.618+0000] {processor.py:183} INFO - Processing /opt/airflow/dags/hello_world_dag.py took 0.269 seconds
[2025-12-22T23:51:42.803+0000] {processor.py:161} INFO - Started process (PID=247) to work on /opt/airflow/dags/hello_world_dag.py
[2025-12-22T23:51:42.806+0000] {processor.py:830} INFO - Processing file /opt/airflow/dags/hello_world_dag.py for tasks to queue
[2025-12-22T23:51:42.809+0000] {logging_mixin.py:188} INFO - [2025-12-22T23:51:42.808+0000] {dagbag.py:538} INFO - Filling up the DagBag from /opt/airflow/dags/hello_world_dag.py
[2025-12-22T23:51:42.866+0000] {processor.py:840} INFO - DAG(s) 'hello_world_dag' retrieved from /opt/airflow/dags/hello_world_dag.py
[2025-12-22T23:51:42.929+0000] {logging_mixin.py:188} INFO - [2025-12-22T23:51:42.928+0000] {dag.py:3036} INFO - Sync 1 DAGs
[2025-12-22T23:51:42.984+0000] {logging_mixin.py:188} INFO - [2025-12-22T23:51:42.983+0000] {dag.py:3823} INFO - Setting next_dagrun for hello_world_dag to 2025-12-21 00:00:00+00:00, run_after=2025-12-22 00:00:00+00:00
[2025-12-22T23:51:43.029+0000] {processor.py:183} INFO - Processing /opt/airflow/dags/hello_world_dag.py took 0.237 seconds
[2025-12-22T23:52:13.385+0000] {processor.py:161} INFO - Started process (PID=252) to work on /opt/airflow/dags/hello_world_dag.py
[2025-12-22T23:52:13.388+0000] {processor.py:830} INFO - Processing file /opt/airflow/dags/hello_world_dag.py for tasks to queue
[2025-12-22T23:52:13.391+0000] {logging_mixin.py:188} INFO - [2025-12-22T23:52:13.390+0000] {dagbag.py:538} INFO - Filling up the DagBag from /opt/airflow/dags/hello_world_dag.py
[2025-12-22T23:52:13.462+0000] {processor.py:840} INFO - DAG(s) 'hello_world_dag' retrieved from /opt/airflow/dags/hello_world_dag.py
[2025-12-22T23:52:13.520+0000] {logging_mixin.py:188} INFO - [2025-12-22T23:52:13.520+0000] {dag.py:3036} INFO - Sync 1 DAGs
[2025-12-22T23:52:13.574+0000] {logging_mixin.py:188} INFO - [2025-12-22T23:52:13.574+0000] {dag.py:3823} INFO - Setting next_dagrun for hello_world_dag to 2025-12-21 00:00:00+00:00, run_after=2025-12-22 00:00:00+00:00
[2025-12-22T23:52:13.617+0000] {processor.py:183} INFO - Processing /opt/airflow/dags/hello_world_dag.py took 0.240 seconds
[2025-12-22T23:52:43.764+0000] {processor.py:161} INFO - Started process (PID=257) to work on /opt/airflow/dags/hello_world_dag.py
[2025-12-22T23:52:43.767+0000] {processor.py:830} INFO - Processing file /opt/airflow/dags/hello_world_dag.py for tasks to queue
[2025-12-22T23:52:43.770+0000] {logging_mixin.py:188} INFO - [2025-12-22T23:52:43.769+0000] {dagbag.py:538} INFO - Filling up the DagBag from /opt/airflow/dags/hello_world_dag.py
[2025-12-22T23:52:43.832+0000] {processor.py:840} INFO - DAG(s) 'hello_world_dag' retrieved from /opt/airflow/dags/hello_world_dag.py
[2025-12-22T23:52:43.902+0000] {logging_mixin.py:188} INFO - [2025-12-22T23:52:43.901+0000] {dag.py:3036} INFO - Sync 1 DAGs
[2025-12-22T23:52:43.964+0000] {logging_mixin.py:188} INFO - [2025-12-22T23:52:43.963+0000] {dag.py:3823} INFO - Setting next_dagrun for hello_world_dag to 2025-12-21 00:00:00+00:00, run_after=2025-12-22 00:00:00+00:00
[2025-12-22T23:52:44.008+0000] {processor.py:183} INFO - Processing /opt/airflow/dags/hello_world_dag.py took 0.253 seconds
[2025-12-22T23:53:14.341+0000] {processor.py:161} INFO - Started process (PID=262) to work on /opt/airflow/dags/hello_world_dag.py
[2025-12-22T23:53:14.344+0000] {processor.py:830} INFO - Processing file /opt/airflow/dags/hello_world_dag.py for tasks to queue
[2025-12-22T23:53:14.347+0000] {logging_mixin.py:188} INFO - [2025-12-22T23:53:14.346+0000] {dagbag.py:538} INFO - Filling up the DagBag from /opt/airflow/dags/hello_world_dag.py
[2025-12-22T23:53:14.409+0000] {processor.py:840} INFO - DAG(s) 'hello_world_dag' retrieved from /opt/airflow/dags/hello_world_dag.py
[2025-12-22T23:53:14.467+0000] {logging_mixin.py:188} INFO - [2025-12-22T23:53:14.467+0000] {dag.py:3036} INFO - Sync 1 DAGs
[2025-12-22T23:53:14.519+0000] {logging_mixin.py:188} INFO - [2025-12-22T23:53:14.518+0000] {dag.py:3823} INFO - Setting next_dagrun for hello_world_dag to 2025-12-21 00:00:00+00:00, run_after=2025-12-22 00:00:00+00:00
[2025-12-22T23:53:14.568+0000] {processor.py:183} INFO - Processing /opt/airflow/dags/hello_world_dag.py took 0.234 seconds
[2025-12-22T23:53:44.702+0000] {processor.py:161} INFO - Started process (PID=267) to work on /opt/airflow/dags/hello_world_dag.py
[2025-12-22T23:53:44.705+0000] {processor.py:830} INFO - Processing file /opt/airflow/dags/hello_world_dag.py for tasks to queue
[2025-12-22T23:53:44.707+0000] {logging_mixin.py:188} INFO - [2025-12-22T23:53:44.707+0000] {dagbag.py:538} INFO - Filling up the DagBag from /opt/airflow/dags/hello_world_dag.py
[2025-12-22T23:53:44.769+0000] {processor.py:840} INFO - DAG(s) 'hello_world_dag' retrieved from /opt/airflow/dags/hello_world_dag.py
[2025-12-22T23:53:44.835+0000] {logging_mixin.py:188} INFO - [2025-12-22T23:53:44.835+0000] {dag.py:3036} INFO - Sync 1 DAGs
[2025-12-22T23:53:44.888+0000] {logging_mixin.py:188} INFO - [2025-12-22T23:53:44.888+0000] {dag.py:3823} INFO - Setting next_dagrun for hello_world_dag to 2025-12-21 00:00:00+00:00, run_after=2025-12-22 00:00:00+00:00
[2025-12-22T23:53:44.932+0000] {processor.py:183} INFO - Processing /opt/airflow/dags/hello_world_dag.py took 0.239 seconds
[2025-12-22T23:54:15.080+0000] {processor.py:161} INFO - Started process (PID=272) to work on /opt/airflow/dags/hello_world_dag.py
[2025-12-22T23:54:15.083+0000] {processor.py:830} INFO - Processing file /opt/airflow/dags/hello_world_dag.py for tasks to queue
[2025-12-22T23:54:15.087+0000] {logging_mixin.py:188} INFO - [2025-12-22T23:54:15.085+0000] {dagbag.py:538} INFO - Filling up the DagBag from /opt/airflow/dags/hello_world_dag.py
[2025-12-22T23:54:15.162+0000] {processor.py:840} INFO - DAG(s) 'hello_world_dag' retrieved from /opt/airflow/dags/hello_world_dag.py
[2025-12-22T23:54:15.253+0000] {logging_mixin.py:188} INFO - [2025-12-22T23:54:15.252+0000] {dag.py:3036} INFO - Sync 1 DAGs
[2025-12-22T23:54:15.333+0000] {logging_mixin.py:188} INFO - [2025-12-22T23:54:15.333+0000] {dag.py:3823} INFO - Setting next_dagrun for hello_world_dag to 2025-12-21 00:00:00+00:00, run_after=2025-12-22 00:00:00+00:00
[2025-12-22T23:54:15.382+0000] {processor.py:183} INFO - Processing /opt/airflow/dags/hello_world_dag.py took 0.315 seconds
[2025-12-22T23:54:45.625+0000] {processor.py:161} INFO - Started process (PID=277) to work on /opt/airflow/dags/hello_world_dag.py
[2025-12-22T23:54:45.629+0000] {processor.py:830} INFO - Processing file /opt/airflow/dags/hello_world_dag.py for tasks to queue
[2025-12-22T23:54:45.631+0000] {logging_mixin.py:188} INFO - [2025-12-22T23:54:45.630+0000] {dagbag.py:538} INFO - Filling up the DagBag from /opt/airflow/dags/hello_world_dag.py
[2025-12-22T23:54:45.697+0000] {processor.py:840} INFO - DAG(s) 'hello_world_dag' retrieved from /opt/airflow/dags/hello_world_dag.py
[2025-12-22T23:54:45.761+0000] {logging_mixin.py:188} INFO - [2025-12-22T23:54:45.761+0000] {dag.py:3036} INFO - Sync 1 DAGs
[2025-12-22T23:54:45.815+0000] {logging_mixin.py:188} INFO - [2025-12-22T23:54:45.815+0000] {dag.py:3823} INFO - Setting next_dagrun for hello_world_dag to 2025-12-21 00:00:00+00:00, run_after=2025-12-22 00:00:00+00:00
[2025-12-22T23:54:45.859+0000] {processor.py:183} INFO - Processing /opt/airflow/dags/hello_world_dag.py took 0.245 seconds
[2025-12-22T23:55:16.021+0000] {processor.py:161} INFO - Started process (PID=282) to work on /opt/airflow/dags/hello_world_dag.py
[2025-12-22T23:55:16.024+0000] {processor.py:830} INFO - Processing file /opt/airflow/dags/hello_world_dag.py for tasks to queue
[2025-12-22T23:55:16.026+0000] {logging_mixin.py:188} INFO - [2025-12-22T23:55:16.026+0000] {dagbag.py:538} INFO - Filling up the DagBag from /opt/airflow/dags/hello_world_dag.py
[2025-12-22T23:55:16.092+0000] {processor.py:840} INFO - DAG(s) 'hello_world_dag' retrieved from /opt/airflow/dags/hello_world_dag.py
[2025-12-22T23:55:16.169+0000] {logging_mixin.py:188} INFO - [2025-12-22T23:55:16.168+0000] {dag.py:3036} INFO - Sync 1 DAGs
[2025-12-22T23:55:16.223+0000] {logging_mixin.py:188} INFO - [2025-12-22T23:55:16.222+0000] {dag.py:3823} INFO - Setting next_dagrun for hello_world_dag to 2025-12-21 00:00:00+00:00, run_after=2025-12-22 00:00:00+00:00
[2025-12-22T23:55:16.267+0000] {processor.py:183} INFO - Processing /opt/airflow/dags/hello_world_dag.py took 0.256 seconds
[2025-12-22T23:55:46.484+0000] {processor.py:161} INFO - Started process (PID=287) to work on /opt/airflow/dags/hello_world_dag.py
[2025-12-22T23:55:46.487+0000] {processor.py:830} INFO - Processing file /opt/airflow/dags/hello_world_dag.py for tasks to queue
[2025-12-22T23:55:46.490+0000] {logging_mixin.py:188} INFO - [2025-12-22T23:55:46.489+0000] {dagbag.py:538} INFO - Filling up the DagBag from /opt/airflow/dags/hello_world_dag.py
[2025-12-22T23:55:46.549+0000] {processor.py:840} INFO - DAG(s) 'hello_world_dag' retrieved from /opt/airflow/dags/hello_world_dag.py
[2025-12-22T23:55:46.615+0000] {logging_mixin.py:188} INFO - [2025-12-22T23:55:46.615+0000] {dag.py:3036} INFO - Sync 1 DAGs
[2025-12-22T23:55:46.667+0000] {logging_mixin.py:188} INFO - [2025-12-22T23:55:46.667+0000] {dag.py:3823} INFO - Setting next_dagrun for hello_world_dag to 2025-12-21 00:00:00+00:00, run_after=2025-12-22 00:00:00+00:00
[2025-12-22T23:55:46.713+0000] {processor.py:183} INFO - Processing /opt/airflow/dags/hello_world_dag.py took 0.238 seconds
[2025-12-22T23:56:16.904+0000] {processor.py:161} INFO - Started process (PID=292) to work on /opt/airflow/dags/hello_world_dag.py
[2025-12-22T23:56:16.907+0000] {processor.py:830} INFO - Processing file /opt/airflow/dags/hello_world_dag.py for tasks to queue
[2025-12-22T23:56:16.909+0000] {logging_mixin.py:188} INFO - [2025-12-22T23:56:16.908+0000] {dagbag.py:538} INFO - Filling up the DagBag from /opt/airflow/dags/hello_world_dag.py
[2025-12-22T23:56:16.973+0000] {processor.py:840} INFO - DAG(s) 'hello_world_dag' retrieved from /opt/airflow/dags/hello_world_dag.py
[2025-12-22T23:56:17.037+0000] {logging_mixin.py:188} INFO - [2025-12-22T23:56:17.036+0000] {dag.py:3036} INFO - Sync 1 DAGs
[2025-12-22T23:56:17.091+0000] {logging_mixin.py:188} INFO - [2025-12-22T23:56:17.091+0000] {dag.py:3823} INFO - Setting next_dagrun for hello_world_dag to 2025-12-21 00:00:00+00:00, run_after=2025-12-22 00:00:00+00:00
[2025-12-22T23:56:17.134+0000] {processor.py:183} INFO - Processing /opt/airflow/dags/hello_world_dag.py took 0.240 seconds
[2025-12-22T23:56:47.385+0000] {processor.py:161} INFO - Started process (PID=297) to work on /opt/airflow/dags/hello_world_dag.py
[2025-12-22T23:56:47.388+0000] {processor.py:830} INFO - Processing file /opt/airflow/dags/hello_world_dag.py for tasks to queue
[2025-12-22T23:56:47.391+0000] {logging_mixin.py:188} INFO - [2025-12-22T23:56:47.390+0000] {dagbag.py:538} INFO - Filling up the DagBag from /opt/airflow/dags/hello_world_dag.py
[2025-12-22T23:56:47.451+0000] {processor.py:840} INFO - DAG(s) 'hello_world_dag' retrieved from /opt/airflow/dags/hello_world_dag.py
[2025-12-22T23:56:47.507+0000] {logging_mixin.py:188} INFO - [2025-12-22T23:56:47.507+0000] {dag.py:3036} INFO - Sync 1 DAGs
[2025-12-22T23:56:47.559+0000] {logging_mixin.py:188} INFO - [2025-12-22T23:56:47.559+0000] {dag.py:3823} INFO - Setting next_dagrun for hello_world_dag to 2025-12-21 00:00:00+00:00, run_after=2025-12-22 00:00:00+00:00
[2025-12-22T23:56:47.602+0000] {processor.py:183} INFO - Processing /opt/airflow/dags/hello_world_dag.py took 0.224 seconds
[2025-12-22T23:57:17.918+0000] {processor.py:161} INFO - Started process (PID=302) to work on /opt/airflow/dags/hello_world_dag.py
[2025-12-22T23:57:17.921+0000] {processor.py:830} INFO - Processing file /opt/airflow/dags/hello_world_dag.py for tasks to queue
[2025-12-22T23:57:17.924+0000] {logging_mixin.py:188} INFO - [2025-12-22T23:57:17.923+0000] {dagbag.py:538} INFO - Filling up the DagBag from /opt/airflow/dags/hello_world_dag.py
[2025-12-22T23:57:17.981+0000] {processor.py:840} INFO - DAG(s) 'hello_world_dag' retrieved from /opt/airflow/dags/hello_world_dag.py
[2025-12-22T23:57:18.037+0000] {logging_mixin.py:188} INFO - [2025-12-22T23:57:18.037+0000] {dag.py:3036} INFO - Sync 1 DAGs
[2025-12-22T23:57:18.089+0000] {logging_mixin.py:188} INFO - [2025-12-22T23:57:18.088+0000] {dag.py:3823} INFO - Setting next_dagrun for hello_world_dag to 2025-12-21 00:00:00+00:00, run_after=2025-12-22 00:00:00+00:00
[2025-12-22T23:57:18.133+0000] {processor.py:183} INFO - Processing /opt/airflow/dags/hello_world_dag.py took 0.221 seconds
[2025-12-22T23:57:48.364+0000] {processor.py:161} INFO - Started process (PID=307) to work on /opt/airflow/dags/hello_world_dag.py
[2025-12-22T23:57:48.368+0000] {processor.py:830} INFO - Processing file /opt/airflow/dags/hello_world_dag.py for tasks to queue
[2025-12-22T23:57:48.373+0000] {logging_mixin.py:188} INFO - [2025-12-22T23:57:48.371+0000] {dagbag.py:538} INFO - Filling up the DagBag from /opt/airflow/dags/hello_world_dag.py
[2025-12-22T23:57:48.455+0000] {processor.py:840} INFO - DAG(s) 'hello_world_dag' retrieved from /opt/airflow/dags/hello_world_dag.py
[2025-12-22T23:57:48.526+0000] {logging_mixin.py:188} INFO - [2025-12-22T23:57:48.525+0000] {dag.py:3036} INFO - Sync 1 DAGs
[2025-12-22T23:57:48.580+0000] {logging_mixin.py:188} INFO - [2025-12-22T23:57:48.580+0000] {dag.py:3823} INFO - Setting next_dagrun for hello_world_dag to 2025-12-21 00:00:00+00:00, run_after=2025-12-22 00:00:00+00:00
[2025-12-22T23:57:48.629+0000] {processor.py:183} INFO - Processing /opt/airflow/dags/hello_world_dag.py took 0.281 seconds
[2025-12-22T23:58:18.854+0000] {processor.py:161} INFO - Started process (PID=312) to work on /opt/airflow/dags/hello_world_dag.py
[2025-12-22T23:58:18.858+0000] {processor.py:830} INFO - Processing file /opt/airflow/dags/hello_world_dag.py for tasks to queue
[2025-12-22T23:58:18.860+0000] {logging_mixin.py:188} INFO - [2025-12-22T23:58:18.860+0000] {dagbag.py:538} INFO - Filling up the DagBag from /opt/airflow/dags/hello_world_dag.py
[2025-12-22T23:58:18.921+0000] {processor.py:840} INFO - DAG(s) 'hello_world_dag' retrieved from /opt/airflow/dags/hello_world_dag.py
[2025-12-22T23:58:18.995+0000] {logging_mixin.py:188} INFO - [2025-12-22T23:58:18.995+0000] {dag.py:3036} INFO - Sync 1 DAGs
[2025-12-22T23:58:19.052+0000] {logging_mixin.py:188} INFO - [2025-12-22T23:58:19.052+0000] {dag.py:3823} INFO - Setting next_dagrun for hello_world_dag to 2025-12-21 00:00:00+00:00, run_after=2025-12-22 00:00:00+00:00
[2025-12-22T23:58:19.099+0000] {processor.py:183} INFO - Processing /opt/airflow/dags/hello_world_dag.py took 0.254 seconds
[2025-12-22T23:58:49.480+0000] {processor.py:161} INFO - Started process (PID=317) to work on /opt/airflow/dags/hello_world_dag.py
[2025-12-22T23:58:49.483+0000] {processor.py:830} INFO - Processing file /opt/airflow/dags/hello_world_dag.py for tasks to queue
[2025-12-22T23:58:49.485+0000] {logging_mixin.py:188} INFO - [2025-12-22T23:58:49.484+0000] {dagbag.py:538} INFO - Filling up the DagBag from /opt/airflow/dags/hello_world_dag.py
[2025-12-22T23:58:49.543+0000] {processor.py:840} INFO - DAG(s) 'hello_world_dag' retrieved from /opt/airflow/dags/hello_world_dag.py
[2025-12-22T23:58:49.605+0000] {logging_mixin.py:188} INFO - [2025-12-22T23:58:49.604+0000] {dag.py:3036} INFO - Sync 1 DAGs
[2025-12-22T23:58:49.658+0000] {logging_mixin.py:188} INFO - [2025-12-22T23:58:49.658+0000] {dag.py:3823} INFO - Setting next_dagrun for hello_world_dag to 2025-12-21 00:00:00+00:00, run_after=2025-12-22 00:00:00+00:00
[2025-12-22T23:58:49.704+0000] {processor.py:183} INFO - Processing /opt/airflow/dags/hello_world_dag.py took 0.231 seconds
[2025-12-22T23:59:19.808+0000] {processor.py:161} INFO - Started process (PID=322) to work on /opt/airflow/dags/hello_world_dag.py
[2025-12-22T23:59:19.811+0000] {processor.py:830} INFO - Processing file /opt/airflow/dags/hello_world_dag.py for tasks to queue
[2025-12-22T23:59:19.813+0000] {logging_mixin.py:188} INFO - [2025-12-22T23:59:19.812+0000] {dagbag.py:538} INFO - Filling up the DagBag from /opt/airflow/dags/hello_world_dag.py
[2025-12-22T23:59:19.867+0000] {processor.py:840} INFO - DAG(s) 'hello_world_dag' retrieved from /opt/airflow/dags/hello_world_dag.py
[2025-12-22T23:59:19.934+0000] {logging_mixin.py:188} INFO - [2025-12-22T23:59:19.933+0000] {dag.py:3036} INFO - Sync 1 DAGs
[2025-12-22T23:59:20.007+0000] {logging_mixin.py:188} INFO - [2025-12-22T23:59:20.005+0000] {dag.py:3823} INFO - Setting next_dagrun for hello_world_dag to 2025-12-21 00:00:00+00:00, run_after=2025-12-22 00:00:00+00:00
[2025-12-22T23:59:20.061+0000] {processor.py:183} INFO - Processing /opt/airflow/dags/hello_world_dag.py took 0.263 seconds
[2025-12-22T23:59:50.341+0000] {processor.py:161} INFO - Started process (PID=327) to work on /opt/airflow/dags/hello_world_dag.py
[2025-12-22T23:59:50.344+0000] {processor.py:830} INFO - Processing file /opt/airflow/dags/hello_world_dag.py for tasks to queue
[2025-12-22T23:59:50.347+0000] {logging_mixin.py:188} INFO - [2025-12-22T23:59:50.347+0000] {dagbag.py:538} INFO - Filling up the DagBag from /opt/airflow/dags/hello_world_dag.py
[2025-12-22T23:59:50.411+0000] {processor.py:840} INFO - DAG(s) 'hello_world_dag' retrieved from /opt/airflow/dags/hello_world_dag.py
[2025-12-22T23:59:50.471+0000] {logging_mixin.py:188} INFO - [2025-12-22T23:59:50.471+0000] {dag.py:3036} INFO - Sync 1 DAGs
[2025-12-22T23:59:50.530+0000] {logging_mixin.py:188} INFO - [2025-12-22T23:59:50.530+0000] {dag.py:3823} INFO - Setting next_dagrun for hello_world_dag to 2025-12-21 00:00:00+00:00, run_after=2025-12-22 00:00:00+00:00
[2025-12-22T23:59:50.572+0000] {processor.py:183} INFO - Processing /opt/airflow/dags/hello_world_dag.py took 0.241 seconds
